<?xml version="1.0"?>
<testsuite name="HeadlessChrome 73.0.3683 (Linux 0.0.0)" package="" timestamp="2019-03-28T19:55:17" id="0" hostname="travis-job-59365cca-b398-443f-b744-2df9bdba0926" tests="43" errors="0" failures="0" time="6.218">
  <properties>
    <property name="browser.fullName" value="Mozilla/5.0 (X11; Linux x86_64) AppleWebKit/537.36 (KHTML, like Gecko) HeadlessChrome/73.0.3683.86 Safari/537.36"/>
  </properties>
  <testcase name=" cbPriorityLast should be called last after 101ms" time="0.104" classname="HeadlessChrome_73_0_3683_(Linux_0_0_0)."/>
  <testcase name=" cbPriority2 should be called exactly twice" time="0.113" classname="HeadlessChrome_73_0_3683_(Linux_0_0_0)."/>
  <testcase name="# Macro methods keystore tests&#xA; key1 should exist in keystore" time="0.115" classname="HeadlessChrome_73_0_3683_(Linux_0_0_0).# Macro methods keystore tests&#xA;"/>
  <testcase name="# Macro methods keystore tests&#xA; key2 should exist in keystore" time="0.116" classname="HeadlessChrome_73_0_3683_(Linux_0_0_0).# Macro methods keystore tests&#xA;"/>
  <testcase name="# Macro methods keystore tests&#xA; key3 should exist in keystore" time="0.117" classname="HeadlessChrome_73_0_3683_(Linux_0_0_0).# Macro methods keystore tests&#xA;"/>
  <testcase name="# Macro methods keystore tests&#xA; Delete key2 should succeed" time="0.118" classname="HeadlessChrome_73_0_3683_(Linux_0_0_0).# Macro methods keystore tests&#xA;"/>
  <testcase name="# Macro methods keystore tests&#xA; There should be no keys after clearing" time="0.12" classname="HeadlessChrome_73_0_3683_(Linux_0_0_0).# Macro methods keystore tests&#xA;"/>
  <testcase name="# Test vtkDataArray serialization/deserialization&#xA; Make sure the class definition exist" time="0.121" classname="HeadlessChrome_73_0_3683_(Linux_0_0_0).# Test vtkDataArray serialization/deserialization&#xA;"/>
  <testcase name="# Test vtkDataArray serialization/deserialization&#xA; Make sure the instance exist" time="0.123" classname="HeadlessChrome_73_0_3683_(Linux_0_0_0).# Test vtkDataArray serialization/deserialization&#xA;"/>
  <testcase name="# Test vtkDataArray serialization/deserialization&#xA; Make sure we can get serialize data" time="0.124" classname="HeadlessChrome_73_0_3683_(Linux_0_0_0).# Test vtkDataArray serialization/deserialization&#xA;"/>
  <testcase name="# Test vtkDataArray serialization/deserialization&#xA; Make sure we can get deserialize data" time="0.125" classname="HeadlessChrome_73_0_3683_(Linux_0_0_0).# Test vtkDataArray serialization/deserialization&#xA;"/>
  <testcase name="# Test vtkDataArray serialization/deserialization&#xA; We have two different instances" time="0.126" classname="HeadlessChrome_73_0_3683_(Linux_0_0_0).# Test vtkDataArray serialization/deserialization&#xA;"/>
  <testcase name="# Test vtkDataArray serialization/deserialization&#xA; But same serialized content" time="0.128" classname="HeadlessChrome_73_0_3683_(Linux_0_0_0).# Test vtkDataArray serialization/deserialization&#xA;"/>
  <testcase name="# Test vtkPoints serialization/deserialization&#xA; Make sure the class definition exist" time="0.13" classname="HeadlessChrome_73_0_3683_(Linux_0_0_0).# Test vtkPoints serialization/deserialization&#xA;"/>
  <testcase name="# Test vtkPoints serialization/deserialization&#xA; Make sure the instance exist" time="0.13" classname="HeadlessChrome_73_0_3683_(Linux_0_0_0).# Test vtkPoints serialization/deserialization&#xA;"/>
  <testcase name="# Test vtkPoints serialization/deserialization&#xA; Make sure we can get serialize data" time="0.131" classname="HeadlessChrome_73_0_3683_(Linux_0_0_0).# Test vtkPoints serialization/deserialization&#xA;"/>
  <testcase name="# Test vtkPoints serialization/deserialization&#xA; Make sure we can get deserialize data" time="0.131" classname="HeadlessChrome_73_0_3683_(Linux_0_0_0).# Test vtkPoints serialization/deserialization&#xA;"/>
  <testcase name="# Test vtkPoints serialization/deserialization&#xA; We have two different instances" time="0.131" classname="HeadlessChrome_73_0_3683_(Linux_0_0_0).# Test vtkPoints serialization/deserialization&#xA;"/>
  <testcase name="# Test vtkPoints serialization/deserialization&#xA; But same serialized content" time="0.132" classname="HeadlessChrome_73_0_3683_(Linux_0_0_0).# Test vtkPoints serialization/deserialization&#xA;"/>
  <testcase name="# Test vtkLookupTable serialization/deserialization&#xA; Make sure the class definition exist" time="0.141" classname="HeadlessChrome_73_0_3683_(Linux_0_0_0).# Test vtkLookupTable serialization/deserialization&#xA;"/>
  <testcase name="# Test vtkLookupTable serialization/deserialization&#xA; Make sure the instance exist" time="0.147" classname="HeadlessChrome_73_0_3683_(Linux_0_0_0).# Test vtkLookupTable serialization/deserialization&#xA;"/>
  <testcase name="# Test vtkLookupTable serialization/deserialization&#xA; Make sure we can get serialize data" time="0.149" classname="HeadlessChrome_73_0_3683_(Linux_0_0_0).# Test vtkLookupTable serialization/deserialization&#xA;"/>
  <testcase name="# Test vtkLookupTable serialization/deserialization&#xA; Make sure we can get deserialize data" time="0.151" classname="HeadlessChrome_73_0_3683_(Linux_0_0_0).# Test vtkLookupTable serialization/deserialization&#xA;"/>
  <testcase name="# Test vtkLookupTable serialization/deserialization&#xA; We have two different instances" time="0.152" classname="HeadlessChrome_73_0_3683_(Linux_0_0_0).# Test vtkLookupTable serialization/deserialization&#xA;"/>
  <testcase name="# Test vtkLookupTable serialization/deserialization&#xA; But same serialized content" time="0.153" classname="HeadlessChrome_73_0_3683_(Linux_0_0_0).# Test vtkLookupTable serialization/deserialization&#xA;"/>
  <testcase name="# Test vtkScalarsToColors serialization/deserialization&#xA; Make sure the class definition exist" time="0.153" classname="HeadlessChrome_73_0_3683_(Linux_0_0_0).# Test vtkScalarsToColors serialization/deserialization&#xA;"/>
  <testcase name="# Test vtkScalarsToColors serialization/deserialization&#xA; Make sure the instance exist" time="0.153" classname="HeadlessChrome_73_0_3683_(Linux_0_0_0).# Test vtkScalarsToColors serialization/deserialization&#xA;"/>
  <testcase name="# Test vtkScalarsToColors serialization/deserialization&#xA; Make sure we can get serialize data" time="0.154" classname="HeadlessChrome_73_0_3683_(Linux_0_0_0).# Test vtkScalarsToColors serialization/deserialization&#xA;"/>
  <testcase name="# Test vtkScalarsToColors serialization/deserialization&#xA; Make sure we can get deserialize data" time="0.154" classname="HeadlessChrome_73_0_3683_(Linux_0_0_0).# Test vtkScalarsToColors serialization/deserialization&#xA;"/>
  <testcase name="# Test vtkScalarsToColors serialization/deserialization&#xA; We have two different instances" time="0.154" classname="HeadlessChrome_73_0_3683_(Linux_0_0_0).# Test vtkScalarsToColors serialization/deserialization&#xA;"/>
  <testcase name="# Test vtkScalarsToColors serialization/deserialization&#xA; But same serialized content" time="0.155" classname="HeadlessChrome_73_0_3683_(Linux_0_0_0).# Test vtkScalarsToColors serialization/deserialization&#xA;"/>
  <testcase name="# Test vtkPolyData serialization/deserialization&#xA; Make sure the class definition exist" time="0.159" classname="HeadlessChrome_73_0_3683_(Linux_0_0_0).# Test vtkPolyData serialization/deserialization&#xA;"/>
  <testcase name="# Test vtkPolyData serialization/deserialization&#xA; Make sure the instance exist" time="0.161" classname="HeadlessChrome_73_0_3683_(Linux_0_0_0).# Test vtkPolyData serialization/deserialization&#xA;"/>
  <testcase name="# Test vtkPolyData serialization/deserialization&#xA; Make sure we can get serialize data" time="0.167" classname="HeadlessChrome_73_0_3683_(Linux_0_0_0).# Test vtkPolyData serialization/deserialization&#xA;"/>
  <testcase name="# Test vtkPolyData serialization/deserialization&#xA; Make sure we can get deserialize data" time="0.168" classname="HeadlessChrome_73_0_3683_(Linux_0_0_0).# Test vtkPolyData serialization/deserialization&#xA;"/>
  <testcase name="# Test vtkPolyData serialization/deserialization&#xA; We have two different instances" time="0.17" classname="HeadlessChrome_73_0_3683_(Linux_0_0_0).# Test vtkPolyData serialization/deserialization&#xA;"/>
  <testcase name="# Test vtkPolyData serialization/deserialization&#xA; But same serialized content" time="0.174" classname="HeadlessChrome_73_0_3683_(Linux_0_0_0).# Test vtkPolyData serialization/deserialization&#xA;"/>
  <testcase name="# Proxy activation via config&#xA; No initial active source" time="0.177" classname="HeadlessChrome_73_0_3683_(Linux_0_0_0).# Proxy activation via config&#xA;"/>
  <testcase name="# Proxy activation via config&#xA; Active source set after proxy creation" time="0.178" classname="HeadlessChrome_73_0_3683_(Linux_0_0_0).# Proxy activation via config&#xA;"/>
  <testcase name="# Proxy activation via .activate()&#xA; No initial active source" time="0.178" classname="HeadlessChrome_73_0_3683_(Linux_0_0_0).# Proxy activation via .activate()&#xA;"/>
  <testcase name="# Proxy activation via .activate()&#xA; No active source after proxy creation" time="0.178" classname="HeadlessChrome_73_0_3683_(Linux_0_0_0).# Proxy activation via .activate()&#xA;"/>
  <testcase name="# Proxy activation via .activate()&#xA; Proxy manager should be modified after proxy activation" time="0.178" classname="HeadlessChrome_73_0_3683_(Linux_0_0_0).# Proxy activation via .activate()&#xA;"/>
  <testcase name="# Proxy activation via .activate()&#xA; Active source set" time="0.179" classname="HeadlessChrome_73_0_3683_(Linux_0_0_0).# Proxy activation via .activate()&#xA;"/>
  <system-out>
    <![CDATA[HeadlessChrome 73.0.3683 (Linux 0.0.0) LOG: 'TAP version 13'
,HeadlessChrome 73.0.3683 (Linux 0.0.0) LOG: '# Test vtkBox instance'
,HeadlessChrome 73.0.3683 (Linux 0.0.0) LOG: 'ok 1 Make sure the class definition exists'
,HeadlessChrome 73.0.3683 (Linux 0.0.0) LOG: 'ok 2 should be truthy'
,HeadlessChrome 73.0.3683 (Linux 0.0.0) LOG: '# Test vtkBox intersectBox'
,HeadlessChrome 73.0.3683 (Linux 0.0.0) LOG: 'ok 3 should be equal'
,HeadlessChrome 73.0.3683 (Linux 0.0.0) LOG: 'ok 4 should be equal'
,HeadlessChrome 73.0.3683 (Linux 0.0.0) LOG: 'ok 5 should be equal'
,HeadlessChrome 73.0.3683 (Linux 0.0.0) LOG: 'ok 6 should be equal'
,HeadlessChrome 73.0.3683 (Linux 0.0.0) LOG: 'ok 7 should be equal'
,HeadlessChrome 73.0.3683 (Linux 0.0.0) LOG: 'ok 8 should be equal'
,HeadlessChrome 73.0.3683 (Linux 0.0.0) LOG: 'ok 9 should be equal'
,HeadlessChrome 73.0.3683 (Linux 0.0.0) LOG: 'ok 10 should be equal'
,HeadlessChrome 73.0.3683 (Linux 0.0.0) LOG: 'ok 11 should be equal'
,HeadlessChrome 73.0.3683 (Linux 0.0.0) LOG: 'ok 12 should be equal'
,HeadlessChrome 73.0.3683 (Linux 0.0.0) LOG: 'ok 13 should be equal'
,HeadlessChrome 73.0.3683 (Linux 0.0.0) LOG: '# Test vtkBox bounds'
,HeadlessChrome 73.0.3683 (Linux 0.0.0) LOG: 'ok 14 should be equal'
,HeadlessChrome 73.0.3683 (Linux 0.0.0) LOG: 'ok 15 should be equal'
,HeadlessChrome 73.0.3683 (Linux 0.0.0) LOG: 'ok 16 should be equal'
,HeadlessChrome 73.0.3683 (Linux 0.0.0) LOG: 'ok 17 should be equal'
,HeadlessChrome 73.0.3683 (Linux 0.0.0) LOG: 'ok 18 should be equal'
,HeadlessChrome 73.0.3683 (Linux 0.0.0) LOG: 'ok 19 should be equal'
,HeadlessChrome 73.0.3683 (Linux 0.0.0) LOG: '# Test vtkBox evaluateFunction'
,HeadlessChrome 73.0.3683 (Linux 0.0.0) LOG: 'ok 20 should be equal'
,HeadlessChrome 73.0.3683 (Linux 0.0.0) LOG: 'ok 21 should be equal'
,HeadlessChrome 73.0.3683 (Linux 0.0.0) LOG: 'ok 22 should be equal'
,HeadlessChrome 73.0.3683 (Linux 0.0.0) LOG: 'ok 23 should be equal'
,HeadlessChrome 73.0.3683 (Linux 0.0.0) LOG: '# Test vtkDataSetAttributes instance'
,HeadlessChrome 73.0.3683 (Linux 0.0.0) LOG: 'ok 24 Make sure the class definition exists'
,HeadlessChrome 73.0.3683 (Linux 0.0.0) LOG: 'ok 25 Make sure the newInstance method exists.'
,HeadlessChrome 73.0.3683 (Linux 0.0.0) LOG: 'ok 26 Default number of arrays should be 0'
,HeadlessChrome 73.0.3683 (Linux 0.0.0) LOG: 'ok 27 Default Scalars should be null'
,HeadlessChrome 73.0.3683 (Linux 0.0.0) LOG: 'ok 28 Adding scalars empty DSA should return index of 0'
,HeadlessChrome 73.0.3683 (Linux 0.0.0) LOG: 'ok 29 Setting scalars should return 0 (the index of the array).'
,HeadlessChrome 73.0.3683 (Linux 0.0.0) LOG: 'ok 30 Setting scalars with an invalid name should return -1.'
,HeadlessChrome 73.0.3683 (Linux 0.0.0) LOG: 'ok 31 Setting scalars with an invalid name should reset the attribute.'
,HeadlessChrome 73.0.3683 (Linux 0.0.0) LOG: 'ok 32 Default Vectors should be null'
,HeadlessChrome 73.0.3683 (Linux 0.0.0) LOG: 'ok 33 Adding vectors empty DSA should return index of 1'
,HeadlessChrome 73.0.3683 (Linux 0.0.0) LOG: 'ok 34 Setting vectors should return 1 (the index of the array).'
,HeadlessChrome 73.0.3683 (Linux 0.0.0) LOG: 'ok 35 Setting vectors with an invalid name should return -1.'
,HeadlessChrome 73.0.3683 (Linux 0.0.0) LOG: 'ok 36 Setting vectors with an invalid name should reset the attribute.'
,HeadlessChrome 73.0.3683 (Linux 0.0.0) LOG: 'ok 37 Default Normals should be null'
,HeadlessChrome 73.0.3683 (Linux 0.0.0) LOG: 'ok 38 Adding normals empty DSA should return index of 2'
,HeadlessChrome 73.0.3683 (Linux 0.0.0) LOG: 'ok 39 Setting normals should return 2 (the index of the array).'
,HeadlessChrome 73.0.3683 (Linux 0.0.0) LOG: 'ok 40 Setting normals with an invalid name should return -1.'
,HeadlessChrome 73.0.3683 (Linux 0.0.0) LOG: 'ok 41 Setting normals with an invalid name should reset the attribute.'
,HeadlessChrome 73.0.3683 (Linux 0.0.0) LOG: 'ok 42 Default TCoords should be null'
,HeadlessChrome 73.0.3683 (Linux 0.0.0) LOG: 'ok 43 Adding tcoords empty DSA should return index of 3'
,HeadlessChrome 73.0.3683 (Linux 0.0.0) LOG: 'ok 44 Setting tcoords should return 3 (the index of the array).'
,HeadlessChrome 73.0.3683 (Linux 0.0.0) LOG: 'ok 45 Setting tcoords with an invalid name should return -1.'
,HeadlessChrome 73.0.3683 (Linux 0.0.0) LOG: 'ok 46 Setting tcoords with an invalid name should reset the attribute.'
,HeadlessChrome 73.0.3683 (Linux 0.0.0) LOG: 'ok 47 Default Tensors should be null'
,HeadlessChrome 73.0.3683 (Linux 0.0.0) LOG: 'ok 48 Adding tensors empty DSA should return index of 4'
,HeadlessChrome 73.0.3683 (Linux 0.0.0) LOG: 'ok 49 Setting tensors should return 4 (the index of the array).'
,HeadlessChrome 73.0.3683 (Linux 0.0.0) LOG: 'ok 50 Setting tensors with an invalid name should return -1.'
,HeadlessChrome 73.0.3683 (Linux 0.0.0) LOG: 'ok 51 Setting tensors with an invalid name should reset the attribute.'
,HeadlessChrome 73.0.3683 (Linux 0.0.0) LOG: 'ok 52 Default GlobalIds should be null'
,HeadlessChrome 73.0.3683 (Linux 0.0.0) LOG: 'ok 53 Adding globalids empty DSA should return index of 5'
,HeadlessChrome 73.0.3683 (Linux 0.0.0) LOG: 'ok 54 Setting globalids should return 5 (the index of the array).'
,HeadlessChrome 73.0.3683 (Linux 0.0.0) LOG: 'ok 55 Setting globalids with an invalid name should return -1.'
,HeadlessChrome 73.0.3683 (Linux 0.0.0) LOG: 'ok 56 Setting globalids with an invalid name should reset the attribute.'
,HeadlessChrome 73.0.3683 (Linux 0.0.0) LOG: 'ok 57 Default PedigreeIds should be null'
,HeadlessChrome 73.0.3683 (Linux 0.0.0) LOG: 'ok 58 Adding pedigreeids empty DSA should return index of 6'
,HeadlessChrome 73.0.3683 (Linux 0.0.0) LOG: 'ok 59 Setting pedigreeids should return 6 (the index of the array).'
,HeadlessChrome 73.0.3683 (Linux 0.0.0) LOG: 'ok 60 Setting pedigreeids with an invalid name should return -1.'
,HeadlessChrome 73.0.3683 (Linux 0.0.0) LOG: 'ok 61 Setting pedigreeids with an invalid name should reset the attribute.'
,HeadlessChrome 73.0.3683 (Linux 0.0.0) LOG: '# Test vtkLine instance'
,HeadlessChrome 73.0.3683 (Linux 0.0.0) LOG: 'ok 62 Make sure the class definition exists'
,HeadlessChrome 73.0.3683 (Linux 0.0.0) LOG: 'ok 63 should be truthy'
,HeadlessChrome 73.0.3683 (Linux 0.0.0) LOG: '# Test vtkLine static::intersection'
,HeadlessChrome 73.0.3683 (Linux 0.0.0) LOG: 'ok 64 Points on line'
,HeadlessChrome 73.0.3683 (Linux 0.0.0) LOG: 'ok 65 Points on line'
,HeadlessChrome 73.0.3683 (Linux 0.0.0) LOG: 'ok 66 Points on line'
,HeadlessChrome 73.0.3683 (Linux 0.0.0) LOG: 'ok 67 Intersection'
,HeadlessChrome 73.0.3683 (Linux 0.0.0) LOG: 'ok 68 should be equal'
,HeadlessChrome 73.0.3683 (Linux 0.0.0) LOG: 'ok 69 should be equal'
,HeadlessChrome 73.0.3683 (Linux 0.0.0) LOG: 'ok 70 No intersection'
,HeadlessChrome 73.0.3683 (Linux 0.0.0) LOG: '# Test vtkLine static::distanceToLine'
,HeadlessChrome 73.0.3683 (Linux 0.0.0) LOG: 'ok 71 Invalid line'
,HeadlessChrome 73.0.3683 (Linux 0.0.0) LOG: 'ok 72 should be equal'
,HeadlessChrome 73.0.3683 (Linux 0.0.0) LOG: 'ok 73 should be equivalent'
,HeadlessChrome 73.0.3683 (Linux 0.0.0) LOG: 'ok 74 On line'
,HeadlessChrome 73.0.3683 (Linux 0.0.0) LOG: 'ok 75 should be equal'
,HeadlessChrome 73.0.3683 (Linux 0.0.0) LOG: 'ok 76 should be equivalent'
,HeadlessChrome 73.0.3683 (Linux 0.0.0) LOG: 'ok 77 should be equal'
,HeadlessChrome 73.0.3683 (Linux 0.0.0) LOG: 'ok 78 should be equal'
,HeadlessChrome 73.0.3683 (Linux 0.0.0) LOG: 'ok 79 should be equivalent'
,HeadlessChrome 73.0.3683 (Linux 0.0.0) LOG: 'ok 80 should be equal'
,HeadlessChrome 73.0.3683 (Linux 0.0.0) LOG: 'ok 81 should be equal'
,HeadlessChrome 73.0.3683 (Linux 0.0.0) LOG: 'ok 82 should be equivalent'
,HeadlessChrome 73.0.3683 (Linux 0.0.0) LOG: 'ok 83 should be equal'
,HeadlessChrome 73.0.3683 (Linux 0.0.0) LOG: 'ok 84 should be equal'
,HeadlessChrome 73.0.3683 (Linux 0.0.0) LOG: 'ok 85 should be equivalent'
,HeadlessChrome 73.0.3683 (Linux 0.0.0) LOG: '# Test vtkLine intersectWithLine'
,HeadlessChrome 73.0.3683 (Linux 0.0.0) LOG: 'ok 86 should be equal'
,HeadlessChrome 73.0.3683 (Linux 0.0.0) LOG: 'ok 87 should be equivalent'
,HeadlessChrome 73.0.3683 (Linux 0.0.0) LOG: 'ok 88 should be equal'
,HeadlessChrome 73.0.3683 (Linux 0.0.0) LOG: 'ok 89 should be equal'
,HeadlessChrome 73.0.3683 (Linux 0.0.0) LOG: 'ok 90 should be equivalent'
,HeadlessChrome 73.0.3683 (Linux 0.0.0) LOG: 'ok 91 should be equal'
,HeadlessChrome 73.0.3683 (Linux 0.0.0) LOG: 'ok 92 should be equal'
,HeadlessChrome 73.0.3683 (Linux 0.0.0) LOG: '# Test vtkPlane instance'
,HeadlessChrome 73.0.3683 (Linux 0.0.0) LOG: 'ok 93 Make sure the class definition exists'
,HeadlessChrome 73.0.3683 (Linux 0.0.0) LOG: 'ok 94 should be truthy'
,HeadlessChrome 73.0.3683 (Linux 0.0.0) LOG: '# Test vtkPlane projectVector'
,HeadlessChrome 73.0.3683 (Linux 0.0.0) LOG: 'ok 95 should be equal'
,HeadlessChrome 73.0.3683 (Linux 0.0.0) LOG: 'ok 96 should be equal'
,HeadlessChrome 73.0.3683 (Linux 0.0.0) LOG: 'ok 97 should be equal'
,HeadlessChrome 73.0.3683 (Linux 0.0.0) LOG: 'ok 98 should be equal'
,HeadlessChrome 73.0.3683 (Linux 0.0.0) LOG: 'ok 99 should be equal'
,HeadlessChrome 73.0.3683 (Linux 0.0.0) LOG: 'ok 100 should be equal'
,HeadlessChrome 73.0.3683 (Linux 0.0.0) LOG: 'ok 101 should be equal'
,HeadlessChrome 73.0.3683 (Linux 0.0.0) LOG: 'ok 102 should be equal'
,HeadlessChrome 73.0.3683 (Linux 0.0.0) LOG: 'ok 103 should be equal'
,HeadlessChrome 73.0.3683 (Linux 0.0.0) LOG: '# Test vtkPlane projectPoint'
,HeadlessChrome 73.0.3683 (Linux 0.0.0) LOG: 'ok 104 should be equal'
,HeadlessChrome 73.0.3683 (Linux 0.0.0) LOG: 'ok 105 should be equal'
,HeadlessChrome 73.0.3683 (Linux 0.0.0) LOG: 'ok 106 should be equal'
,HeadlessChrome 73.0.3683 (Linux 0.0.0) LOG: '# Test vtkPlane DistanceToPlane'
,HeadlessChrome 73.0.3683 (Linux 0.0.0) LOG: 'ok 107 should be equal'
,HeadlessChrome 73.0.3683 (Linux 0.0.0) LOG: 'ok 108 should be equal'
,HeadlessChrome 73.0.3683 (Linux 0.0.0) LOG: '# Test vtkPlane Push'
,HeadlessChrome 73.0.3683 (Linux 0.0.0) LOG: 'ok 109 should be equal'
,HeadlessChrome 73.0.3683 (Linux 0.0.0) LOG: 'ok 110 should be equal'
,HeadlessChrome 73.0.3683 (Linux 0.0.0) LOG: 'ok 111 should be equal'
,HeadlessChrome 73.0.3683 (Linux 0.0.0) LOG: '# Test vtkPlane intersectWithLine'
,HeadlessChrome 73.0.3683 (Linux 0.0.0) LOG: 'ok 112 should be equal'
,HeadlessChrome 73.0.3683 (Linux 0.0.0) LOG: 'ok 113 should be equal'
,HeadlessChrome 73.0.3683 (Linux 0.0.0) LOG: 'ok 114 should be equal'
,HeadlessChrome 73.0.3683 (Linux 0.0.0) LOG: 'ok 115 should be equal'
,HeadlessChrome 73.0.3683 (Linux 0.0.0) LOG: 'ok 116 should be equal'
,HeadlessChrome 73.0.3683 (Linux 0.0.0) LOG: 'ok 117 should be equal'
,HeadlessChrome 73.0.3683 (Linux 0.0.0) LOG: 'ok 118 should be equal'
,HeadlessChrome 73.0.3683 (Linux 0.0.0) LOG: 'ok 119 should be equal'
,HeadlessChrome 73.0.3683 (Linux 0.0.0) LOG: 'ok 120 should be equal'
,HeadlessChrome 73.0.3683 (Linux 0.0.0) LOG: 'ok 121 should be equal'
,HeadlessChrome 73.0.3683 (Linux 0.0.0) LOG: 'ok 122 should be equal'
,HeadlessChrome 73.0.3683 (Linux 0.0.0) LOG: 'ok 123 should be equal'
,HeadlessChrome 73.0.3683 (Linux 0.0.0) LOG: 'ok 124 should be equal'
,HeadlessChrome 73.0.3683 (Linux 0.0.0) LOG: 'ok 125 should be equal'
,HeadlessChrome 73.0.3683 (Linux 0.0.0) LOG: 'ok 126 should be equal'
,HeadlessChrome 73.0.3683 (Linux 0.0.0) LOG: '# Test vtkPlane evaluateFunction'
,HeadlessChrome 73.0.3683 (Linux 0.0.0) LOG: 'ok 127 should be equal'
,HeadlessChrome 73.0.3683 (Linux 0.0.0) LOG: 'ok 128 should be equal'
,HeadlessChrome 73.0.3683 (Linux 0.0.0) LOG: 'ok 129 should be equal'
,HeadlessChrome 73.0.3683 (Linux 0.0.0) LOG: '# Test vtkTriangle instance'
,HeadlessChrome 73.0.3683 (Linux 0.0.0) LOG: 'ok 130 Make sure the class definition exists'
,HeadlessChrome 73.0.3683 (Linux 0.0.0) LOG: 'ok 131 should be truthy'
,HeadlessChrome 73.0.3683 (Linux 0.0.0) LOG: '# Test vtkTriangle static::computeNormalDirection'
,HeadlessChrome 73.0.3683 (Linux 0.0.0) LOG: 'ok 132 should be equivalent'
,HeadlessChrome 73.0.3683 (Linux 0.0.0) LOG: 'ok 133 should be equivalent'
,HeadlessChrome 73.0.3683 (Linux 0.0.0) LOG: 'ok 134 should be equivalent'
,HeadlessChrome 73.0.3683 (Linux 0.0.0) LOG: '# Test vtkTriangle static::computeNormal'
,HeadlessChrome 73.0.3683 (Linux 0.0.0) LOG: 'ok 135 should be equivalent'
,HeadlessChrome 73.0.3683 (Linux 0.0.0) LOG: 'ok 136 should be equivalent'
,HeadlessChrome 73.0.3683 (Linux 0.0.0) LOG: 'ok 137 should be equivalent'
,HeadlessChrome 73.0.3683 (Linux 0.0.0) LOG: '# Test vtkTriangle intersectWithLine'
,HeadlessChrome 73.0.3683 (Linux 0.0.0) LOG: 'ok 138 should be equal'
,HeadlessChrome 73.0.3683 (Linux 0.0.0) LOG: 'ok 139 should be equal'
,HeadlessChrome 73.0.3683 (Linux 0.0.0) LOG: 'ok 140 should be equal'
,HeadlessChrome 73.0.3683 (Linux 0.0.0) LOG: 'ok 141 should be equivalent'
,HeadlessChrome 73.0.3683 (Linux 0.0.0) LOG: 'ok 142 should be equivalent'
,HeadlessChrome 73.0.3683 (Linux 0.0.0) LOG: 'ok 143 should be equal'
,HeadlessChrome 73.0.3683 (Linux 0.0.0) LOG: 'ok 144 should be equal'
,HeadlessChrome 73.0.3683 (Linux 0.0.0) LOG: 'ok 145 should be equivalent'
,HeadlessChrome 73.0.3683 (Linux 0.0.0) LOG: 'ok 146 should be equivalent'
,HeadlessChrome 73.0.3683 (Linux 0.0.0) LOG: 'ok 147 should be equal'
,HeadlessChrome 73.0.3683 (Linux 0.0.0) LOG: 'ok 148 should be equal'
,HeadlessChrome 73.0.3683 (Linux 0.0.0) LOG: 'ok 149 should be equal'
,HeadlessChrome 73.0.3683 (Linux 0.0.0) LOG: 'ok 150 should be equal'
,HeadlessChrome 73.0.3683 (Linux 0.0.0) LOG: 'ok 151 should be equivalent'
,HeadlessChrome 73.0.3683 (Linux 0.0.0) LOG: '# Test vtkTriangle evaluatePosition'
,HeadlessChrome 73.0.3683 (Linux 0.0.0) LOG: 'ok 152 should be equal'
,HeadlessChrome 73.0.3683 (Linux 0.0.0) LOG: 'ok 153 should be equal'
,HeadlessChrome 73.0.3683 (Linux 0.0.0) LOG: 'ok 154 should be equivalent'
,HeadlessChrome 73.0.3683 (Linux 0.0.0) LOG: 'ok 155 should be equivalent'
,HeadlessChrome 73.0.3683 (Linux 0.0.0) LOG: 'ok 156 should be equal'
,HeadlessChrome 73.0.3683 (Linux 0.0.0) LOG: 'ok 157 should be equal'
,HeadlessChrome 73.0.3683 (Linux 0.0.0) LOG: 'ok 158 should be equivalent'
,HeadlessChrome 73.0.3683 (Linux 0.0.0) LOG: 'ok 159 should be equivalent'
,HeadlessChrome 73.0.3683 (Linux 0.0.0) LOG: 'ok 160 should be equal'
,HeadlessChrome 73.0.3683 (Linux 0.0.0) LOG: 'ok 161 should be equal'
,HeadlessChrome 73.0.3683 (Linux 0.0.0) LOG: 'ok 162 should be equivalent'
,HeadlessChrome 73.0.3683 (Linux 0.0.0) LOG: 'ok 163 should be equivalent'
,HeadlessChrome 73.0.3683 (Linux 0.0.0) LOG: '# Test vtkCutter cutCube'
,HeadlessChrome 73.0.3683 (Linux 0.0.0) LOG: 'ok 164 should be equal'
,HeadlessChrome 73.0.3683 (Linux 0.0.0) LOG: 'ok 165 should be equal'
,HeadlessChrome 73.0.3683 (Linux 0.0.0) LOG: 'ok 166 should be equal'
,HeadlessChrome 73.0.3683 (Linux 0.0.0) LOG: 'ok 167 should be equal'
,HeadlessChrome 73.0.3683 (Linux 0.0.0) LOG: 'ok 168 should be equal'
,HeadlessChrome 73.0.3683 (Linux 0.0.0) LOG: 'ok 169 should be equal'
,HeadlessChrome 73.0.3683 (Linux 0.0.0) LOG: '# Test vtkAppendPolyData instance'
,HeadlessChrome 73.0.3683 (Linux 0.0.0) LOG: 'ok 170 Make sure the class definition exists.'
,HeadlessChrome 73.0.3683 (Linux 0.0.0) LOG: 'ok 171 Make sure an instance can be created.'
,HeadlessChrome 73.0.3683 (Linux 0.0.0) LOG: '# Test vtkAppendPolyData execution'
,HeadlessChrome 73.0.3683 (Linux 0.0.0) LOG: 'ok 172 Make sure the number of points is correct.'
,HeadlessChrome 73.0.3683 (Linux 0.0.0) LOG: 'ok 173 Make sure the output data type is correct.'
,HeadlessChrome 73.0.3683 (Linux 0.0.0) LOG: 'ok 174 Make sure the number of polys is correct.'
,HeadlessChrome 73.0.3683 (Linux 0.0.0) LOG: '# Test vtkCalculator instance'
,HeadlessChrome 73.0.3683 (Linux 0.0.0) LOG: 'ok 175 Make sure the class definition exists.'
,HeadlessChrome 73.0.3683 (Linux 0.0.0) LOG: 'ok 176 Make sure an instance can be created.'
,HeadlessChrome 73.0.3683 (Linux 0.0.0) LOG: '# Test vtkCalculator execution'
,HeadlessChrome 73.0.3683 (Linux 0.0.0) LOG: 'ok 177 Output dataset exists'
,HeadlessChrome 73.0.3683 (Linux 0.0.0) LOG: 'ok 178 The output dataset should be a vtkPolydata'
,HeadlessChrome 73.0.3683 (Linux 0.0.0) LOG: 'ok 179 The number of points did not change between input 66 and output 66'
,HeadlessChrome 73.0.3683 (Linux 0.0.0) LOG: 'ok 180 Output point-scalars array exists.'
,HeadlessChrome 73.0.3683 (Linux 0.0.0) LOG: 'ok 181 Output point-scalars is "sine wave".'
,HeadlessChrome 73.0.3683 (Linux 0.0.0) LOG: 'ok 182 Output field-data array exists.'
,HeadlessChrome 73.0.3683 (Linux 0.0.0) LOG: 'ok 183 The uniform result variable should be 22.55; got 22.549999237060547.'
,HeadlessChrome 73.0.3683 (Linux 0.0.0) LOG: '# Test vtkImageStreamline instance'
,HeadlessChrome 73.0.3683 (Linux 0.0.0) LOG: 'ok 184 Make sure the class definition exist'
,HeadlessChrome 73.0.3683 (Linux 0.0.0) LOG: 'ok 185 Make sure the instance exist'
,HeadlessChrome 73.0.3683 (Linux 0.0.0) LOG: 'ok 186 Default integrationStep should be 1'
,HeadlessChrome 73.0.3683 (Linux 0.0.0) LOG: 'ok 187 Default MaximumNumberOfSteps should be 1000'
,HeadlessChrome 73.0.3683 (Linux 0.0.0) LOG: 'ok 188 Updated value of integrationStep should be 0.1'
,HeadlessChrome 73.0.3683 (Linux 0.0.0) LOG: '# Test vtkImageStreamline execution'
,HeadlessChrome 73.0.3683 (Linux 0.0.0) LOG: 'ok 189 Output dataset exist'
,HeadlessChrome 73.0.3683 (Linux 0.0.0) LOG: 'ok 190 The output dataset should be a vtkPolydata'
,HeadlessChrome 73.0.3683 (Linux 0.0.0) LOG: 'ok 191 The number of points should be 2228'
,HeadlessChrome 73.0.3683 (Linux 0.0.0) LOG: '# Test vtkTubeFilter instance'
,HeadlessChrome 73.0.3683 (Linux 0.0.0) LOG: 'ok 192 Make sure the class definition exists.'
,HeadlessChrome 73.0.3683 (Linux 0.0.0) LOG: 'ok 193 Make sure an instance can be created.'
,HeadlessChrome 73.0.3683 (Linux 0.0.0) LOG: '# Test vtkTubeFilter execution'
,HeadlessChrome 73.0.3683 (Linux 0.0.0) LOG: 'ok 194 Make sure the output data type is double.'
,HeadlessChrome 73.0.3683 (Linux 0.0.0) LOG: 'ok 195 Make sure the output number of points is correct without capping.'
,HeadlessChrome 73.0.3683 (Linux 0.0.0) LOG: 'ok 196 Make sure the output number of normals is correct without capping.'
,HeadlessChrome 73.0.3683 (Linux 0.0.0) LOG: 'ok 197 Make sure the output data type is float.'
,HeadlessChrome 73.0.3683 (Linux 0.0.0) LOG: 'ok 198 Make sure the output number of points is correct with capping.'
,HeadlessChrome 73.0.3683 (Linux 0.0.0) LOG: 'ok 199 Make sure the output number of normals is correct with capping.'
,HeadlessChrome 73.0.3683 (Linux 0.0.0) LOG: '# Test vtkTubeFilter colorMapping'
,HeadlessChrome 73.0.3683 (Linux 0.0.0) LOG: 'ok 200 Make sure the output number of points is correct without capping.'
,HeadlessChrome 73.0.3683 (Linux 0.0.0) LOG: 'ok 201 Make sure the length of the radius array is correct.'
,HeadlessChrome 73.0.3683 (Linux 0.0.0) LOG: 'ok 202 Make sure the length of the color array is correct.'
,HeadlessChrome 73.0.3683 (Linux 0.0.0) LOG: 'ok 203 Make sure the array name to color by is correct.'
,HeadlessChrome 73.0.3683 (Linux 0.0.0) LOG: 'ok 204 Make sure the scalar mode is correct.'
,HeadlessChrome 73.0.3683 (Linux 0.0.0) LOG: 'ok 205 Make sure the color mode is correct.'
,HeadlessChrome 73.0.3683 (Linux 0.0.0) LOG: '# Test vtkWarpScalar instance'
,HeadlessChrome 73.0.3683 (Linux 0.0.0) LOG: 'ok 206 Make sure the class definition exist'
,HeadlessChrome 73.0.3683 (Linux 0.0.0) LOG: 'ok 207 Make sure the instance exist'
,HeadlessChrome 73.0.3683 (Linux 0.0.0) LOG: 'ok 208 Default ScaleFactor should be 1'
,HeadlessChrome 73.0.3683 (Linux 0.0.0) LOG: 'ok 209 Default UseNormal should be false'
,HeadlessChrome 73.0.3683 (Linux 0.0.0) LOG: 'ok 210 Default xyPlane should be false'
,HeadlessChrome 73.0.3683 (Linux 0.0.0) LOG: 'ok 211 Default normal should be [0, 0, 1]'
,HeadlessChrome 73.0.3683 (Linux 0.0.0) LOG: 'ok 212 Updated value of ScaleFactor should be 2.5'
,HeadlessChrome 73.0.3683 (Linux 0.0.0) LOG: '# Test vtkWarpScalar execution'
,HeadlessChrome 73.0.3683 (Linux 0.0.0) LOG: 'ok 213 Output dataset exist'
,HeadlessChrome 73.0.3683 (Linux 0.0.0) LOG: 'ok 214 The output dataset should be a vtkPolydata'
,HeadlessChrome 73.0.3683 (Linux 0.0.0) LOG: 'ok 215 The number of points do not change between input 50 and output 50'
,HeadlessChrome 73.0.3683 (Linux 0.0.0) LOG: '# Test vtkTextureMapToPlane instance'
,HeadlessChrome 73.0.3683 (Linux 0.0.0) LOG: 'ok 216 Make sure the class definition exists'
,HeadlessChrome 73.0.3683 (Linux 0.0.0) LOG: 'ok 217 should be truthy'
,HeadlessChrome 73.0.3683 (Linux 0.0.0) LOG: '# Test vtkTextureMapToPlane TCoords generation'
,HeadlessChrome 73.0.3683 (Linux 0.0.0) LOG: 'ok 218 should be equal'
,HeadlessChrome 73.0.3683 (Linux 0.0.0) LOG: 'ok 219 should be equal'
,HeadlessChrome 73.0.3683 (Linux 0.0.0) LOG: 'ok 220 should be equal'
,HeadlessChrome 73.0.3683 (Linux 0.0.0) LOG: 'ok 221 should be equal'
,HeadlessChrome 73.0.3683 (Linux 0.0.0) LOG: 'ok 222 should be equal'
,HeadlessChrome 73.0.3683 (Linux 0.0.0) LOG: 'ok 223 should be equal'
,HeadlessChrome 73.0.3683 (Linux 0.0.0) LOG: 'ok 224 should be equal'
,HeadlessChrome 73.0.3683 (Linux 0.0.0) LOG: 'ok 225 should be equal'
,HeadlessChrome 73.0.3683 (Linux 0.0.0) LOG: 'ok 226 should be equal'
,HeadlessChrome 73.0.3683 (Linux 0.0.0) LOG: 'ok 227 should be equal'
,HeadlessChrome 73.0.3683 (Linux 0.0.0) LOG: 'ok 228 should be equal'
,HeadlessChrome 73.0.3683 (Linux 0.0.0) LOG: 'ok 229 should be equal'
,HeadlessChrome 73.0.3683 (Linux 0.0.0) LOG: 'ok 230 should be equal'
,HeadlessChrome 73.0.3683 (Linux 0.0.0) LOG: 'ok 231 should be equal'
,HeadlessChrome 73.0.3683 (Linux 0.0.0) LOG: 'ok 232 should be equal'
,HeadlessChrome 73.0.3683 (Linux 0.0.0) LOG: 'ok 233 should be equal'
,HeadlessChrome 73.0.3683 (Linux 0.0.0) LOG: 'ok 234 should be equal'
,HeadlessChrome 73.0.3683 (Linux 0.0.0) LOG: 'ok 235 should be equal'
,HeadlessChrome 73.0.3683 (Linux 0.0.0) LOG: 'ok 236 should be equal'
,HeadlessChrome 73.0.3683 (Linux 0.0.0) LOG: 'ok 237 should be equal'
,HeadlessChrome 73.0.3683 (Linux 0.0.0) LOG: 'ok 238 should be equal'
,HeadlessChrome 73.0.3683 (Linux 0.0.0) LOG: 'ok 239 should be equal'
,HeadlessChrome 73.0.3683 (Linux 0.0.0) LOG: 'ok 240 should be equal'
,HeadlessChrome 73.0.3683 (Linux 0.0.0) LOG: 'ok 241 should be equal'
,HeadlessChrome 73.0.3683 (Linux 0.0.0) LOG: 'ok 242 should be equal'
,HeadlessChrome 73.0.3683 (Linux 0.0.0) LOG: 'ok 243 should be equal'
,HeadlessChrome 73.0.3683 (Linux 0.0.0) LOG: 'ok 244 should be equal'
,HeadlessChrome 73.0.3683 (Linux 0.0.0) LOG: 'ok 245 should be equal'
,HeadlessChrome 73.0.3683 (Linux 0.0.0) LOG: 'ok 246 should be equal'
,HeadlessChrome 73.0.3683 (Linux 0.0.0) LOG: 'ok 247 should be equal'
,HeadlessChrome 73.0.3683 (Linux 0.0.0) LOG: 'ok 248 should be equal'
,HeadlessChrome 73.0.3683 (Linux 0.0.0) LOG: 'ok 249 should be equal'
,HeadlessChrome 73.0.3683 (Linux 0.0.0) LOG: 'ok 250 should be equal'
,HeadlessChrome 73.0.3683 (Linux 0.0.0) LOG: 'ok 251 should be equal'
,HeadlessChrome 73.0.3683 (Linux 0.0.0) LOG: 'ok 252 should be equal'
,HeadlessChrome 73.0.3683 (Linux 0.0.0) LOG: 'ok 253 should be equal'
,HeadlessChrome 73.0.3683 (Linux 0.0.0) LOG: 'ok 254 should be equal'
,HeadlessChrome 73.0.3683 (Linux 0.0.0) LOG: 'ok 255 should be equal'
,HeadlessChrome 73.0.3683 (Linux 0.0.0) LOG: 'ok 256 should be equal'
,HeadlessChrome 73.0.3683 (Linux 0.0.0) LOG: 'ok 257 should be equal'
,HeadlessChrome 73.0.3683 (Linux 0.0.0) LOG: 'ok 258 should be equal'
,HeadlessChrome 73.0.3683 (Linux 0.0.0) LOG: 'ok 259 should be equal'
,HeadlessChrome 73.0.3683 (Linux 0.0.0) LOG: 'ok 260 should be equal'
,HeadlessChrome 73.0.3683 (Linux 0.0.0) LOG: 'ok 261 should be equal'
,HeadlessChrome 73.0.3683 (Linux 0.0.0) LOG: 'ok 262 should be equal'
,HeadlessChrome 73.0.3683 (Linux 0.0.0) LOG: 'ok 263 should be equal'
,HeadlessChrome 73.0.3683 (Linux 0.0.0) LOG: 'ok 264 should be equal'
,HeadlessChrome 73.0.3683 (Linux 0.0.0) LOG: 'ok 265 should be equal'
,HeadlessChrome 73.0.3683 (Linux 0.0.0) LOG: '# Test vtkTextureMapToPlane TCoords generation automatic'
,HeadlessChrome 73.0.3683 (Linux 0.0.0) LOG: 'ok 266 should be equal'
,HeadlessChrome 73.0.3683 (Linux 0.0.0) LOG: 'ok 267 should be equal'
,HeadlessChrome 73.0.3683 (Linux 0.0.0) LOG: 'ok 268 should be equal'
,HeadlessChrome 73.0.3683 (Linux 0.0.0) LOG: 'ok 269 should be equal'
,HeadlessChrome 73.0.3683 (Linux 0.0.0) LOG: 'ok 270 should be equal'
,HeadlessChrome 73.0.3683 (Linux 0.0.0) LOG: 'ok 271 should be equal'
,HeadlessChrome 73.0.3683 (Linux 0.0.0) LOG: 'ok 272 should be equal'
,HeadlessChrome 73.0.3683 (Linux 0.0.0) LOG: 'ok 273 should be equal'
,HeadlessChrome 73.0.3683 (Linux 0.0.0) LOG: 'ok 274 should be equal'
,HeadlessChrome 73.0.3683 (Linux 0.0.0) LOG: 'ok 275 should be equal'
,HeadlessChrome 73.0.3683 (Linux 0.0.0) LOG: 'ok 276 should be equal'
,HeadlessChrome 73.0.3683 (Linux 0.0.0) LOG: 'ok 277 should be equal'
,HeadlessChrome 73.0.3683 (Linux 0.0.0) LOG: 'ok 278 should be equal'
,HeadlessChrome 73.0.3683 (Linux 0.0.0) LOG: 'ok 279 should be equal'
,HeadlessChrome 73.0.3683 (Linux 0.0.0) LOG: 'ok 280 should be equal'
,HeadlessChrome 73.0.3683 (Linux 0.0.0) LOG: 'ok 281 should be equal'
,HeadlessChrome 73.0.3683 (Linux 0.0.0) LOG: 'ok 282 should be equal'
,HeadlessChrome 73.0.3683 (Linux 0.0.0) LOG: 'ok 283 should be equal'
,HeadlessChrome 73.0.3683 (Linux 0.0.0) LOG: 'ok 284 should be equal'
,HeadlessChrome 73.0.3683 (Linux 0.0.0) LOG: 'ok 285 should be equal'
,HeadlessChrome 73.0.3683 (Linux 0.0.0) LOG: 'ok 286 should be equal'
,HeadlessChrome 73.0.3683 (Linux 0.0.0) LOG: 'ok 287 should be equal'
,HeadlessChrome 73.0.3683 (Linux 0.0.0) LOG: 'ok 288 should be equal'
,HeadlessChrome 73.0.3683 (Linux 0.0.0) LOG: 'ok 289 should be equal'
,HeadlessChrome 73.0.3683 (Linux 0.0.0) LOG: 'ok 290 should be equal'
,HeadlessChrome 73.0.3683 (Linux 0.0.0) LOG: 'ok 291 should be equal'
,HeadlessChrome 73.0.3683 (Linux 0.0.0) LOG: 'ok 292 should be equal'
,HeadlessChrome 73.0.3683 (Linux 0.0.0) LOG: 'ok 293 should be equal'
,HeadlessChrome 73.0.3683 (Linux 0.0.0) LOG: 'ok 294 should be equal'
,HeadlessChrome 73.0.3683 (Linux 0.0.0) LOG: 'ok 295 should be equal'
,HeadlessChrome 73.0.3683 (Linux 0.0.0) LOG: 'ok 296 should be equal'
,HeadlessChrome 73.0.3683 (Linux 0.0.0) LOG: 'ok 297 should be equal'
,HeadlessChrome 73.0.3683 (Linux 0.0.0) LOG: 'ok 298 should be equal'
,HeadlessChrome 73.0.3683 (Linux 0.0.0) LOG: 'ok 299 should be equal'
,HeadlessChrome 73.0.3683 (Linux 0.0.0) LOG: 'ok 300 should be equal'
,HeadlessChrome 73.0.3683 (Linux 0.0.0) LOG: 'ok 301 should be equal'
,HeadlessChrome 73.0.3683 (Linux 0.0.0) LOG: 'ok 302 should be equal'
,HeadlessChrome 73.0.3683 (Linux 0.0.0) LOG: 'ok 303 should be equal'
,HeadlessChrome 73.0.3683 (Linux 0.0.0) LOG: 'ok 304 should be equal'
,HeadlessChrome 73.0.3683 (Linux 0.0.0) LOG: 'ok 305 should be equal'
,HeadlessChrome 73.0.3683 (Linux 0.0.0) LOG: 'ok 306 should be equal'
,HeadlessChrome 73.0.3683 (Linux 0.0.0) LOG: 'ok 307 should be equal'
,HeadlessChrome 73.0.3683 (Linux 0.0.0) LOG: 'ok 308 should be equal'
,HeadlessChrome 73.0.3683 (Linux 0.0.0) LOG: 'ok 309 should be equal'
,HeadlessChrome 73.0.3683 (Linux 0.0.0) LOG: 'ok 310 should be equal'
,HeadlessChrome 73.0.3683 (Linux 0.0.0) LOG: 'ok 311 should be equal'
,HeadlessChrome 73.0.3683 (Linux 0.0.0) LOG: 'ok 312 should be equal'
,HeadlessChrome 73.0.3683 (Linux 0.0.0) LOG: 'ok 313 should be equal'
,HeadlessChrome 73.0.3683 (Linux 0.0.0) LOG: '# Test vtkTextureMapToSphere instance'
,HeadlessChrome 73.0.3683 (Linux 0.0.0) LOG: 'ok 314 Make sure the class definition exists'
,HeadlessChrome 73.0.3683 (Linux 0.0.0) LOG: 'ok 315 should be truthy'
,HeadlessChrome 73.0.3683 (Linux 0.0.0) LOG: '# Test vtkTextureMapToSphere TCoords generation'
,HeadlessChrome 73.0.3683 (Linux 0.0.0) LOG: 'ok 316 should be equal'
,HeadlessChrome 73.0.3683 (Linux 0.0.0) LOG: 'ok 317 should be equal'
,HeadlessChrome 73.0.3683 (Linux 0.0.0) LOG: 'ok 318 should be equal'
,HeadlessChrome 73.0.3683 (Linux 0.0.0) LOG: 'ok 319 should be equal'
,HeadlessChrome 73.0.3683 (Linux 0.0.0) LOG: 'ok 320 should be equal'
,HeadlessChrome 73.0.3683 (Linux 0.0.0) LOG: 'ok 321 should be equal'
,HeadlessChrome 73.0.3683 (Linux 0.0.0) LOG: 'ok 322 should be equal'
,HeadlessChrome 73.0.3683 (Linux 0.0.0) LOG: 'ok 323 should be equal'
,HeadlessChrome 73.0.3683 (Linux 0.0.0) LOG: 'ok 324 should be equal'
,HeadlessChrome 73.0.3683 (Linux 0.0.0) LOG: 'ok 325 should be equal'
,HeadlessChrome 73.0.3683 (Linux 0.0.0) LOG: 'ok 326 should be equal'
,HeadlessChrome 73.0.3683 (Linux 0.0.0) LOG: 'ok 327 should be equal'
,HeadlessChrome 73.0.3683 (Linux 0.0.0) LOG: 'ok 328 should be equal'
,HeadlessChrome 73.0.3683 (Linux 0.0.0) LOG: 'ok 329 should be equal'
,HeadlessChrome 73.0.3683 (Linux 0.0.0) LOG: 'ok 330 should be equal'
,HeadlessChrome 73.0.3683 (Linux 0.0.0) LOG: 'ok 331 should be equal'
,HeadlessChrome 73.0.3683 (Linux 0.0.0) LOG: 'ok 332 should be equal'
,HeadlessChrome 73.0.3683 (Linux 0.0.0) LOG: 'ok 333 should be equal'
,HeadlessChrome 73.0.3683 (Linux 0.0.0) LOG: 'ok 334 should be equal'
,HeadlessChrome 73.0.3683 (Linux 0.0.0) LOG: 'ok 335 should be equal'
,HeadlessChrome 73.0.3683 (Linux 0.0.0) LOG: 'ok 336 should be equal'
,HeadlessChrome 73.0.3683 (Linux 0.0.0) LOG: 'ok 337 should be equal'
,HeadlessChrome 73.0.3683 (Linux 0.0.0) LOG: 'ok 338 should be equal'
,HeadlessChrome 73.0.3683 (Linux 0.0.0) LOG: 'ok 339 should be equal'
,HeadlessChrome 73.0.3683 (Linux 0.0.0) LOG: 'ok 340 should be equal'
,HeadlessChrome 73.0.3683 (Linux 0.0.0) LOG: 'ok 341 should be equal'
,HeadlessChrome 73.0.3683 (Linux 0.0.0) LOG: 'ok 342 should be equal'
,HeadlessChrome 73.0.3683 (Linux 0.0.0) LOG: 'ok 343 should be equal'
,HeadlessChrome 73.0.3683 (Linux 0.0.0) LOG: 'ok 344 should be equal'
,HeadlessChrome 73.0.3683 (Linux 0.0.0) LOG: 'ok 345 should be equal'
,HeadlessChrome 73.0.3683 (Linux 0.0.0) LOG: 'ok 346 should be equal'
,HeadlessChrome 73.0.3683 (Linux 0.0.0) LOG: 'ok 347 should be equal'
,HeadlessChrome 73.0.3683 (Linux 0.0.0) LOG: 'ok 348 should be equal'
,HeadlessChrome 73.0.3683 (Linux 0.0.0) LOG: 'ok 349 should be equal'
,HeadlessChrome 73.0.3683 (Linux 0.0.0) LOG: 'ok 350 should be equal'
,HeadlessChrome 73.0.3683 (Linux 0.0.0) LOG: 'ok 351 should be equal'
,HeadlessChrome 73.0.3683 (Linux 0.0.0) LOG: 'ok 352 should be equal'
,HeadlessChrome 73.0.3683 (Linux 0.0.0) LOG: 'ok 353 should be equal'
,HeadlessChrome 73.0.3683 (Linux 0.0.0) LOG: 'ok 354 should be equal'
,HeadlessChrome 73.0.3683 (Linux 0.0.0) LOG: 'ok 355 should be equal'
,HeadlessChrome 73.0.3683 (Linux 0.0.0) LOG: 'ok 356 should be equal'
,HeadlessChrome 73.0.3683 (Linux 0.0.0) LOG: 'ok 357 should be equal'
,HeadlessChrome 73.0.3683 (Linux 0.0.0) LOG: 'ok 358 should be equal'
,HeadlessChrome 73.0.3683 (Linux 0.0.0) LOG: 'ok 359 should be equal'
,HeadlessChrome 73.0.3683 (Linux 0.0.0) LOG: 'ok 360 should be equal'
,HeadlessChrome 73.0.3683 (Linux 0.0.0) LOG: 'ok 361 should be equal'
,HeadlessChrome 73.0.3683 (Linux 0.0.0) LOG: 'ok 362 should be equal'
,HeadlessChrome 73.0.3683 (Linux 0.0.0) LOG: 'ok 363 should be equal'
,HeadlessChrome 73.0.3683 (Linux 0.0.0) LOG: '# Test vtkPiecewiseFunctionProxy'
,HeadlessChrome 73.0.3683 (Linux 0.0.0) LOG: 'ok 364 Custom points should not be active in Gaussian mode'
,HeadlessChrome 73.0.3683 (Linux 0.0.0) LOG: 'ok 365 Custom points should be active in Points mode'
,HeadlessChrome 73.0.3683 (Linux 0.0.0) LOG: 'ok 366 Default nodes'
,HeadlessChrome 73.0.3683 (Linux 0.0.0) LOG: 'ok 367 Default points'
,HeadlessChrome 73.0.3683 (Linux 0.0.0) LOG: 'ok 368 Default nodes'
,HeadlessChrome 73.0.3683 (Linux 0.0.0) LOG: '# Test vtkAbstractMapper publicAPI'
,HeadlessChrome 73.0.3683 (Linux 0.0.0) LOG: 'ok 369 should be equal'
,HeadlessChrome 73.0.3683 (Linux 0.0.0) LOG: 'ok 370 should be equal'
,HeadlessChrome 73.0.3683 (Linux 0.0.0) LOG: 'ok 371 should be equal'
,HeadlessChrome 73.0.3683 (Linux 0.0.0) LOG: 'ok 372 should be equal'
,HeadlessChrome 73.0.3683 (Linux 0.0.0) LOG: 'ok 373 should be equal'
,HeadlessChrome 73.0.3683 (Linux 0.0.0) LOG: 'ok 374 should be equal'
,HeadlessChrome 73.0.3683 (Linux 0.0.0) LOG: 'ok 375 should be equal'
,HeadlessChrome 73.0.3683 (Linux 0.0.0) LOG: 'ok 376 should be equal'
,HeadlessChrome 73.0.3683 (Linux 0.0.0) LOG: 'ok 377 should be equal'
,HeadlessChrome 73.0.3683 (Linux 0.0.0) LOG: 'ok 378 should be equal'
,HeadlessChrome 73.0.3683 (Linux 0.0.0) LOG: 'ok 379 should be equal'
,HeadlessChrome 73.0.3683 (Linux 0.0.0) LOG: 'ok 380 should be equal'
,HeadlessChrome 73.0.3683 (Linux 0.0.0) LOG: 'ok 381 should be equal'
,HeadlessChrome 73.0.3683 (Linux 0.0.0) LOG: '# Test vtkCellPicker instance'
,HeadlessChrome 73.0.3683 (Linux 0.0.0) LOG: 'ok 382 Make sure the class definition exists'
,HeadlessChrome 73.0.3683 (Linux 0.0.0) LOG: 'ok 383 should be truthy'
,HeadlessChrome 73.0.3683 (Linux 0.0.0) LOG: '# Test vtkCoordinate publicAPI'
,HeadlessChrome 73.0.3683 (Linux 0.0.0) LOG: 'ok 384 should be equivalent'
,HeadlessChrome 73.0.3683 (Linux 0.0.0) LOG: 'ok 385 should be equivalent'
,HeadlessChrome 73.0.3683 (Linux 0.0.0) LOG: 'ok 386 should be equivalent'
,HeadlessChrome 73.0.3683 (Linux 0.0.0) LOG: 'ok 387 should be equivalent'
,HeadlessChrome 73.0.3683 (Linux 0.0.0) LOG: 'ok 388 should be equivalent'
,HeadlessChrome 73.0.3683 (Linux 0.0.0) LOG: 'ok 389 should be equivalent'
,HeadlessChrome 73.0.3683 (Linux 0.0.0) LOG: 'ok 390 should be equivalent'
,HeadlessChrome 73.0.3683 (Linux 0.0.0) LOG: 'ok 391 should be equivalent'
,HeadlessChrome 73.0.3683 (Linux 0.0.0) LOG: 'ok 392 should be equivalent'
,HeadlessChrome 73.0.3683 (Linux 0.0.0) LOG: 'ok 393 should be equivalent'
,HeadlessChrome 73.0.3683 (Linux 0.0.0) LOG: 'ok 394 should be equivalent'
,HeadlessChrome 73.0.3683 (Linux 0.0.0) LOG: 'ok 395 should be equivalent'
,HeadlessChrome 73.0.3683 (Linux 0.0.0) LOG: 'ok 396 should be equivalent'
,HeadlessChrome 73.0.3683 (Linux 0.0.0) LOG: 'ok 397 should be equivalent'
,HeadlessChrome 73.0.3683 (Linux 0.0.0) LOG: 'ok 398 should be equivalent'
,HeadlessChrome 73.0.3683 (Linux 0.0.0) LOG: 'ok 399 should be equivalent'
,HeadlessChrome 73.0.3683 (Linux 0.0.0) LOG: 'ok 400 should be equivalent'
,HeadlessChrome 73.0.3683 (Linux 0.0.0) LOG: 'ok 401 should be equivalent'
,HeadlessChrome 73.0.3683 (Linux 0.0.0) LOG: 'ok 402 should be equivalent'
,HeadlessChrome 73.0.3683 (Linux 0.0.0) LOG: 'ok 403 should be equivalent'
,HeadlessChrome 73.0.3683 (Linux 0.0.0) LOG: 'ok 404 should be equivalent'
,HeadlessChrome 73.0.3683 (Linux 0.0.0) LOG: 'ok 405 should be equivalent'
,HeadlessChrome 73.0.3683 (Linux 0.0.0) LOG: 'ok 406 should be equivalent'
,HeadlessChrome 73.0.3683 (Linux 0.0.0) LOG: 'ok 407 should be equivalent'
,HeadlessChrome 73.0.3683 (Linux 0.0.0) LOG: 'ok 408 should be equivalent'
,HeadlessChrome 73.0.3683 (Linux 0.0.0) LOG: 'ok 409 should be equivalent'
,HeadlessChrome 73.0.3683 (Linux 0.0.0) LOG: 'ok 410 should be equivalent'
,HeadlessChrome 73.0.3683 (Linux 0.0.0) LOG: 'ok 411 should be equivalent'
,HeadlessChrome 73.0.3683 (Linux 0.0.0) LOG: 'ok 412 should be equivalent'
,HeadlessChrome 73.0.3683 (Linux 0.0.0) LOG: 'ok 413 should be equivalent'
,HeadlessChrome 73.0.3683 (Linux 0.0.0) LOG: 'ok 414 should be equivalent'
,HeadlessChrome 73.0.3683 (Linux 0.0.0) LOG: 'ok 415 should be equivalent'
,HeadlessChrome 73.0.3683 (Linux 0.0.0) LOG: 'ok 416 should be equivalent'
,HeadlessChrome 73.0.3683 (Linux 0.0.0) LOG: 'ok 417 should be equivalent'
,HeadlessChrome 73.0.3683 (Linux 0.0.0) LOG: 'ok 418 should be equivalent'
,HeadlessChrome 73.0.3683 (Linux 0.0.0) LOG: 'ok 419 should be equivalent'
,HeadlessChrome 73.0.3683 (Linux 0.0.0) LOG: 'ok 420 should be equivalent'
,HeadlessChrome 73.0.3683 (Linux 0.0.0) LOG: 'ok 421 should be equivalent'
,HeadlessChrome 73.0.3683 (Linux 0.0.0) LOG: 'ok 422 should be equivalent'
,HeadlessChrome 73.0.3683 (Linux 0.0.0) LOG: 'ok 423 should be equivalent'
,HeadlessChrome 73.0.3683 (Linux 0.0.0) LOG: 'ok 424 should be equivalent'
,HeadlessChrome 73.0.3683 (Linux 0.0.0) LOG: 'ok 425 should be equivalent'
,HeadlessChrome 73.0.3683 (Linux 0.0.0) LOG: 'ok 426 should be equivalent'
,HeadlessChrome 73.0.3683 (Linux 0.0.0) LOG: 'ok 427 should be equivalent'
,HeadlessChrome 73.0.3683 (Linux 0.0.0) LOG: 'ok 428 should be equivalent'
,HeadlessChrome 73.0.3683 (Linux 0.0.0) LOG: 'ok 429 should be equivalent'
,HeadlessChrome 73.0.3683 (Linux 0.0.0) LOG: 'ok 430 should be equivalent'
,HeadlessChrome 73.0.3683 (Linux 0.0.0) LOG: 'ok 431 should be equivalent'
,HeadlessChrome 73.0.3683 (Linux 0.0.0) LOG: 'ok 432 should be equivalent'
,HeadlessChrome 73.0.3683 (Linux 0.0.0) LOG: 'ok 433 should be equivalent'
,HeadlessChrome 73.0.3683 (Linux 0.0.0) LOG: 'ok 434 should be equivalent'
,HeadlessChrome 73.0.3683 (Linux 0.0.0) LOG: 'ok 435 should be equivalent'
,HeadlessChrome 73.0.3683 (Linux 0.0.0) LOG: 'ok 436 should be equivalent'
,HeadlessChrome 73.0.3683 (Linux 0.0.0) LOG: 'ok 437 should be equivalent'
,HeadlessChrome 73.0.3683 (Linux 0.0.0) LOG: 'ok 438 should be equivalent'
,HeadlessChrome 73.0.3683 (Linux 0.0.0) LOG: 'ok 439 should be equivalent'
,HeadlessChrome 73.0.3683 (Linux 0.0.0) LOG: 'ok 440 should be equivalent'
,HeadlessChrome 73.0.3683 (Linux 0.0.0) LOG: 'ok 441 should be equivalent'
,HeadlessChrome 73.0.3683 (Linux 0.0.0) LOG: 'ok 442 should be equivalent'
,HeadlessChrome 73.0.3683 (Linux 0.0.0) LOG: 'ok 443 should be equivalent'
,HeadlessChrome 73.0.3683 (Linux 0.0.0) LOG: 'ok 444 should be equivalent'
,HeadlessChrome 73.0.3683 (Linux 0.0.0) LOG: 'ok 445 should be equivalent'
,HeadlessChrome 73.0.3683 (Linux 0.0.0) LOG: 'ok 446 should be equivalent'
,HeadlessChrome 73.0.3683 (Linux 0.0.0) LOG: 'ok 447 should be equivalent'
,HeadlessChrome 73.0.3683 (Linux 0.0.0) LOG: 'ok 448 should be equivalent'
,HeadlessChrome 73.0.3683 (Linux 0.0.0) LOG: 'ok 449 should be equivalent'
,HeadlessChrome 73.0.3683 (Linux 0.0.0) LOG: 'ok 450 should be equivalent'
,HeadlessChrome 73.0.3683 (Linux 0.0.0) LOG: 'ok 451 should be equivalent'
,HeadlessChrome 73.0.3683 (Linux 0.0.0) LOG: 'ok 452 should be equivalent'
,HeadlessChrome 73.0.3683 (Linux 0.0.0) LOG: 'ok 453 should be equivalent'
,HeadlessChrome 73.0.3683 (Linux 0.0.0) LOG: 'ok 454 should be equivalent'
,HeadlessChrome 73.0.3683 (Linux 0.0.0) LOG: 'ok 455 should be equivalent'
,HeadlessChrome 73.0.3683 (Linux 0.0.0) LOG: '# Test vtkPointPicker instance'
,HeadlessChrome 73.0.3683 (Linux 0.0.0) LOG: 'ok 456 Make sure the class definition exists'
,HeadlessChrome 73.0.3683 (Linux 0.0.0) LOG: 'ok 457 should be truthy'
,HeadlessChrome 73.0.3683 (Linux 0.0.0) LOG: '# Macro methods algo tests'
,HeadlessChrome 73.0.3683 (Linux 0.0.0) LOG: 'ok 458 populate publicAPI'
,HeadlessChrome 73.0.3683 (Linux 0.0.0) LOG: 'ok 459 return input data'
,HeadlessChrome 73.0.3683 (Linux 0.0.0) LOG: 'ok 460 Add two input arrays'
,HeadlessChrome 73.0.3683 (Linux 0.0.0) LOG: 'ok 461 Subtract two input arrays'
,HeadlessChrome 73.0.3683 (Linux 0.0.0) LOG: 'ok 462 Multiply two input arrays'
,HeadlessChrome 73.0.3683 (Linux 0.0.0) LOG: 'ok 463 Divide two input arrays, using outputPort'
,HeadlessChrome 73.0.3683 (Linux 0.0.0) LOG: '# Macro methods scalar tests'
,HeadlessChrome 73.0.3683 (Linux 0.0.0) LOG: 'ok 464 macro setget'
,HeadlessChrome 73.0.3683 (Linux 0.0.0) LOG: 'ok 465 Initial gets should match defaults'
,HeadlessChrome 73.0.3683 (Linux 0.0.0) LOG: 'ok 466 Bool get should match set'
,HeadlessChrome 73.0.3683 (Linux 0.0.0) LOG: 'ok 467 Initial gets should match defaults'
,HeadlessChrome 73.0.3683 (Linux 0.0.0) LOG: 'ok 468 Int get should match set'
,HeadlessChrome 73.0.3683 (Linux 0.0.0) LOG: 'ok 469 mtime should increase after set'
,HeadlessChrome 73.0.3683 (Linux 0.0.0) LOG: 'ok 470 mtime should not increase after idempotent set'
,HeadlessChrome 73.0.3683 (Linux 0.0.0) LOG: '# Macro methods array tests'
,HeadlessChrome 73.0.3683 (Linux 0.0.0) LOG: 'ok 471 Initial gets should match defaults'
,HeadlessChrome 73.0.3683 (Linux 0.0.0) LOG: 'ok 472 Throw if no set method declared'
,HeadlessChrome 73.0.3683 (Linux 0.0.0) LOG: 'ok 473 Array spread set OK'
,HeadlessChrome 73.0.3683 (Linux 0.0.0) LOG: 'ok 474 Array spread set should match get'
,HeadlessChrome 73.0.3683 (Linux 0.0.0) LOG: 'ok 475 OK to set a single array argument'
,HeadlessChrome 73.0.3683 (Linux 0.0.0) LOG: 'ok 476 Array set should match get'
,HeadlessChrome 73.0.3683 (Linux 0.0.0) LOG: 'ok 477 mtime should increase after set'
,HeadlessChrome 73.0.3683 (Linux 0.0.0) LOG: 'ok 478 Invalid number of values should throw'
,HeadlessChrome 73.0.3683 (Linux 0.0.0) LOG: 'ok 479 Keep default value after illegal set'
,HeadlessChrome 73.0.3683 (Linux 0.0.0) LOG: 'ok 480 mtime should not increase after idempotent set'
,HeadlessChrome 73.0.3683 (Linux 0.0.0) LOG: 'ok 481 Invalid number of values should throw'
,HeadlessChrome 73.0.3683 (Linux 0.0.0) LOG: 'ok 482 Keep value after illegal set'
,HeadlessChrome 73.0.3683 (Linux 0.0.0) LOG: 'ok 483 Invalid set with string should throw'
,HeadlessChrome 73.0.3683 (Linux 0.0.0) LOG: 'ok 484 Keep value after illegal set'
,HeadlessChrome 73.0.3683 (Linux 0.0.0) LOG: '# Macro methods enum tests'
,HeadlessChrome 73.0.3683 (Linux 0.0.0) LOG: 'ok 485 Initial gets should match defaults'
,HeadlessChrome 73.0.3683 (Linux 0.0.0) LOG: 'ok 486 Enum set should match get'
,HeadlessChrome 73.0.3683 (Linux 0.0.0) LOG: 'ok 487 should be truthy'
,HeadlessChrome 73.0.3683 (Linux 0.0.0) LOG: 'ok 488 Enum set by index should get matching enum value'
,HeadlessChrome 73.0.3683 (Linux 0.0.0) LOG: 'ok 489 Setting idempotent value should return false'
,HeadlessChrome 73.0.3683 (Linux 0.0.0) ERROR: 'Set Enum outside numeric range [object Object], 42'
,HeadlessChrome 73.0.3683 (Linux 0.0.0) LOG: 'ok 490 Invalid enum index should throw'
,HeadlessChrome 73.0.3683 (Linux 0.0.0) LOG: 'ok 491 Enum set out of range should be rejected'
,HeadlessChrome 73.0.3683 (Linux 0.0.0) ERROR: 'Set Enum with invalid argument [object Object], FORTH'
,HeadlessChrome 73.0.3683 (Linux 0.0.0) LOG: 'ok 492 Invalid enum string should throw'
,HeadlessChrome 73.0.3683 (Linux 0.0.0) LOG: 'ok 493 Enum set string out of range should be rejected'
,HeadlessChrome 73.0.3683 (Linux 0.0.0) ERROR: 'Set Enum with invalid argument (String/Number) [object Object], 2'
,HeadlessChrome 73.0.3683 (Linux 0.0.0) LOG: 'ok 494 Invalid enum set with array/object should throw'
,HeadlessChrome 73.0.3683 (Linux 0.0.0) LOG: 'ok 495 Enum set string out of range should be rejected'
,HeadlessChrome 73.0.3683 (Linux 0.0.0) LOG: '# Macro methods object tests'
,HeadlessChrome 73.0.3683 (Linux 0.0.0) LOG: 'ok 496 Get entire model'
,HeadlessChrome 73.0.3683 (Linux 0.0.0) LOG: 'ok 497 Get defaults back test'
,HeadlessChrome 73.0.3683 (Linux 0.0.0) LOG: 'ok 498 Object should be frozen'
,HeadlessChrome 73.0.3683 (Linux 0.0.0) WARN: 'Warning: Set value to model directly changeWhenModified, foo'
,HeadlessChrome 73.0.3683 (Linux 0.0.0) LOG: 'ok 499 should be truthy'
,HeadlessChrome 73.0.3683 (Linux 0.0.0) WARN: 'Warning: Set value to model directly changeWhenModified, bar'
,HeadlessChrome 73.0.3683 (Linux 0.0.0) LOG: 'ok 500 should be truthy'
,HeadlessChrome 73.0.3683 (Linux 0.0.0) LOG: 'ok 501 Object modified fires'
,HeadlessChrome 73.0.3683 (Linux 0.0.0) WARN: 'Warning: Set value to model directly changeWhenModified, foobaz'
,HeadlessChrome 73.0.3683 (Linux 0.0.0) LOG: 'ok 502 Object modified does not fire after unsubscribe'
,HeadlessChrome 73.0.3683 (Linux 0.0.0) LOG: 'ok 503 Test mult-set'
,HeadlessChrome 73.0.3683 (Linux 0.0.0) LOG: 'ok 504 Float get should match multi-set'
,HeadlessChrome 73.0.3683 (Linux 0.0.0) LOG: 'ok 505 Array multi-set should match get'
,HeadlessChrome 73.0.3683 (Linux 0.0.0) LOG: 'ok 506 should be truthy'
,HeadlessChrome 73.0.3683 (Linux 0.0.0) LOG: 'ok 507 should be truthy'
,HeadlessChrome 73.0.3683 (Linux 0.0.0) LOG: 'ok 508 should be falsy'
,HeadlessChrome 73.0.3683 (Linux 0.0.0) LOG: 'ok 509 should be equal'
,HeadlessChrome 73.0.3683 (Linux 0.0.0) LOG: 'ok 510 should not throw'
,HeadlessChrome 73.0.3683 (Linux 0.0.0) LOG: 'ok 511 All calls should do nothing after delete'
,HeadlessChrome 73.0.3683 (Linux 0.0.0) LOG: '# Macro methods event tests'
,HeadlessChrome 73.0.3683 (Linux 0.0.0) LOG: 'ok 512 cbAbort1 should be called first'
,HeadlessChrome 73.0.3683 (Linux 0.0.0) LOG: 'ok 513 cbAbort2 should be called second'
,HeadlessChrome 73.0.3683 (Linux 0.0.0) LOG: 'ok 514 Only 2 callbacks should be invoked, not 3'
,HeadlessChrome 73.0.3683 (Linux 0.0.0) LOG: 'ok 515 cbPriority2 should be called first'
,HeadlessChrome 73.0.3683 (Linux 0.0.0) LOG: 'ok 516 cbPriority2 should be called first'
,HeadlessChrome 73.0.3683 (Linux 0.0.0) LOG: 'ok 517 cbPriority1 should be called second'
,HeadlessChrome 73.0.3683 (Linux 0.0.0) LOG: 'ok 518 cbPriority0 should be called third'
,HeadlessChrome 73.0.3683 (Linux 0.0.0) LOG: 'ok 519 cbPriorityLast should be called last after 101ms'
,HeadlessChrome 73.0.3683 (Linux 0.0.0) LOG: 'ok 520 cbPriority2 should be called exactly twice'
,HeadlessChrome 73.0.3683 (Linux 0.0.0) LOG: '# Macro methods keystore tests'
,HeadlessChrome 73.0.3683 (Linux 0.0.0) LOG: 'ok 521 key1 should exist in keystore'
,HeadlessChrome 73.0.3683 (Linux 0.0.0) LOG: 'ok 522 key2 should exist in keystore'
,HeadlessChrome 73.0.3683 (Linux 0.0.0) LOG: 'ok 523 key3 should exist in keystore'
,HeadlessChrome 73.0.3683 (Linux 0.0.0) LOG: 'ok 524 Delete key2 should succeed'
,HeadlessChrome 73.0.3683 (Linux 0.0.0) LOG: 'ok 525 There should be no keys after clearing'
,HeadlessChrome 73.0.3683 (Linux 0.0.0) LOG: '# Test vtkDataArray serialization/deserialization'
,HeadlessChrome 73.0.3683 (Linux 0.0.0) LOG: 'ok 526 Make sure the class definition exist'
,HeadlessChrome 73.0.3683 (Linux 0.0.0) LOG: 'ok 527 Make sure the instance exist'
,HeadlessChrome 73.0.3683 (Linux 0.0.0) LOG: 'ok 528 Make sure we can get serialize data'
,HeadlessChrome 73.0.3683 (Linux 0.0.0) LOG: 'ok 529 Make sure we can get deserialize data'
,HeadlessChrome 73.0.3683 (Linux 0.0.0) LOG: 'ok 530 We have two different instances'
,HeadlessChrome 73.0.3683 (Linux 0.0.0) LOG: 'ok 531 But same serialized content'
,HeadlessChrome 73.0.3683 (Linux 0.0.0) LOG: '# Test vtkPoints serialization/deserialization'
,HeadlessChrome 73.0.3683 (Linux 0.0.0) LOG: 'ok 532 Make sure the class definition exist'
,HeadlessChrome 73.0.3683 (Linux 0.0.0) LOG: 'ok 533 Make sure the instance exist'
,HeadlessChrome 73.0.3683 (Linux 0.0.0) LOG: 'ok 534 Make sure we can get serialize data'
,HeadlessChrome 73.0.3683 (Linux 0.0.0) LOG: 'ok 535 Make sure we can get deserialize data'
,HeadlessChrome 73.0.3683 (Linux 0.0.0) LOG: 'ok 536 We have two different instances'
,HeadlessChrome 73.0.3683 (Linux 0.0.0) LOG: 'ok 537 But same serialized content'
,HeadlessChrome 73.0.3683 (Linux 0.0.0) LOG: '# Test vtkLookupTable serialization/deserialization'
,HeadlessChrome 73.0.3683 (Linux 0.0.0) LOG: 'ok 538 Make sure the class definition exist'
,HeadlessChrome 73.0.3683 (Linux 0.0.0) LOG: 'ok 539 Make sure the instance exist'
,HeadlessChrome 73.0.3683 (Linux 0.0.0) LOG: 'ok 540 Make sure we can get serialize data'
,HeadlessChrome 73.0.3683 (Linux 0.0.0) LOG: 'ok 541 Make sure we can get deserialize data'
,HeadlessChrome 73.0.3683 (Linux 0.0.0) LOG: 'ok 542 We have two different instances'
,HeadlessChrome 73.0.3683 (Linux 0.0.0) LOG: 'ok 543 But same serialized content'
,HeadlessChrome 73.0.3683 (Linux 0.0.0) LOG: '# Test vtkScalarsToColors serialization/deserialization'
,HeadlessChrome 73.0.3683 (Linux 0.0.0) LOG: 'ok 544 Make sure the class definition exist'
,HeadlessChrome 73.0.3683 (Linux 0.0.0) LOG: 'ok 545 Make sure the instance exist'
,HeadlessChrome 73.0.3683 (Linux 0.0.0) LOG: 'ok 546 Make sure we can get serialize data'
,HeadlessChrome 73.0.3683 (Linux 0.0.0) LOG: 'ok 547 Make sure we can get deserialize data'
,HeadlessChrome 73.0.3683 (Linux 0.0.0) LOG: 'ok 548 We have two different instances'
,HeadlessChrome 73.0.3683 (Linux 0.0.0) LOG: 'ok 549 But same serialized content'
,HeadlessChrome 73.0.3683 (Linux 0.0.0) LOG: '# Test vtkPolyData serialization/deserialization'
,HeadlessChrome 73.0.3683 (Linux 0.0.0) LOG: 'ok 550 Make sure the class definition exist'
,HeadlessChrome 73.0.3683 (Linux 0.0.0) LOG: 'ok 551 Make sure the instance exist'
,HeadlessChrome 73.0.3683 (Linux 0.0.0) LOG: 'ok 552 Make sure we can get serialize data'
,HeadlessChrome 73.0.3683 (Linux 0.0.0) LOG: 'ok 553 Make sure we can get deserialize data'
,HeadlessChrome 73.0.3683 (Linux 0.0.0) LOG: 'ok 554 We have two different instances'
,HeadlessChrome 73.0.3683 (Linux 0.0.0) LOG: 'ok 555 But same serialized content'
,HeadlessChrome 73.0.3683 (Linux 0.0.0) LOG: '# Proxy activation via config'
,HeadlessChrome 73.0.3683 (Linux 0.0.0) LOG: 'ok 556 No initial active source'
,HeadlessChrome 73.0.3683 (Linux 0.0.0) LOG: 'ok 557 Active source set after proxy creation'
,HeadlessChrome 73.0.3683 (Linux 0.0.0) LOG: '# Proxy activation via .activate()'
,HeadlessChrome 73.0.3683 (Linux 0.0.0) LOG: 'ok 558 No initial active source'
,HeadlessChrome 73.0.3683 (Linux 0.0.0) LOG: 'ok 559 No active source after proxy creation'
,HeadlessChrome 73.0.3683 (Linux 0.0.0) LOG: 'ok 560 Proxy manager should be modified after proxy activation'
,HeadlessChrome 73.0.3683 (Linux 0.0.0) LOG: 'ok 561 Active source set'
,HeadlessChrome 73.0.3683 (Linux 0.0.0) LOG: ''
,HeadlessChrome 73.0.3683 (Linux 0.0.0) LOG: '1..561'
,HeadlessChrome 73.0.3683 (Linux 0.0.0) LOG: '# tests 561'
,HeadlessChrome 73.0.3683 (Linux 0.0.0) LOG: '# pass  561'
,HeadlessChrome 73.0.3683 (Linux 0.0.0) LOG: ''

]]>
  </system-out>
  <system-err/>
</testsuite>